<?xml version="1.0" encoding="UTF-8"?>
<testng-results ignored="0" total="4" passed="4" failed="0" skipped="0">
  <reporter-output>
  </reporter-output>
  <suite started-at="2021-03-17T04:39:35Z" name="TestingSuite" finished-at="2021-03-17T04:41:12Z" duration-ms="97325">
    <groups>
    </groups>
    <test started-at="2021-03-17T04:39:35Z" name="Test1" finished-at="2021-03-17T04:39:46Z" duration-ms="11676">
      <class name="TestCases.FirstTest">
        <test-method signature="test()[pri:0, instance:TestCases.FirstTest@14dd9eb7]" started-at="2021-03-17T10:09:35Z" name="test" finished-at="2021-03-17T10:09:46Z" duration-ms="11661" status="PASS">
          <reporter-output>
          </reporter-output>
        </test-method> <!-- test -->
      </class> <!-- TestCases.FirstTest -->
    </test> <!-- Test1 -->
    <test started-at="2021-03-17T04:39:46Z" name="Test2" finished-at="2021-03-17T04:39:59Z" duration-ms="12477">
      <class name="TestCases.SecondTest">
        <test-method signature="test()[pri:0, instance:TestCases.SecondTest@3e58a80e]" started-at="2021-03-17T10:09:46Z" name="test" finished-at="2021-03-17T10:09:59Z" duration-ms="12477" status="PASS">
          <reporter-output>
          </reporter-output>
        </test-method> <!-- test -->
      </class> <!-- TestCases.SecondTest -->
    </test> <!-- Test2 -->
    <test started-at="2021-03-17T04:39:59Z" name="Test3" finished-at="2021-03-17T04:40:18Z" duration-ms="18733">
      <class name="TestCases.ThirdTest">
        <test-method signature="Test()[pri:0, instance:TestCases.ThirdTest@6572421]" started-at="2021-03-17T10:09:59Z" name="Test" finished-at="2021-03-17T10:10:18Z" duration-ms="18732" status="PASS">
          <reporter-output>
          </reporter-output>
        </test-method> <!-- Test -->
      </class> <!-- TestCases.ThirdTest -->
    </test> <!-- Test3 -->
    <test started-at="2021-03-17T04:40:18Z" name="Test4" finished-at="2021-03-17T04:41:12Z" duration-ms="54300">
      <class name="TestCases.FourthTest">
        <test-method signature="Test()[pri:0, instance:TestCases.FourthTest@dd8ba08]" started-at="2021-03-17T10:10:18Z" name="Test" finished-at="2021-03-17T10:11:12Z" duration-ms="54299" status="PASS">
          <reporter-output>
          </reporter-output>
        </test-method> <!-- Test -->
      </class> <!-- TestCases.FourthTest -->
    </test> <!-- Test4 -->
  </suite> <!-- TestingSuite -->
</testng-results>
